\BOOKMARK [0][-]{label:frontpage.0}{Front page}{}% 1
\BOOKMARK [0][-]{label:contents.0}{Contents}{}% 2
\BOOKMARK [0][-]{chapter.1}{1 Introduction}{}% 3
\BOOKMARK [1][-]{section.1.1}{1.1 Command-Line Application}{chapter.1}% 4
\BOOKMARK [1][-]{section.1.2}{1.2 Desktop Application}{chapter.1}% 5
\BOOKMARK [1][-]{section.1.3}{1.3 Web Application}{chapter.1}% 6
\BOOKMARK [1][-]{section.1.4}{1.4 Mobile Application}{chapter.1}% 7
\BOOKMARK [0][-]{chapter.2}{2 Software Application Architecture}{}% 8
\BOOKMARK [1][-]{section.2.1}{2.1 Basic Architecture Layer}{chapter.2}% 9
\BOOKMARK [1][-]{section.2.2}{2.2 \040Requirement-Based Components }{chapter.2}% 10
\BOOKMARK [2][-]{subsection.2.2.1}{2.2.1 Issues and Add-on - Presentation Layer}{section.2.2}% 11
\BOOKMARK [2][-]{subsection.2.2.2}{2.2.2 Issues and Add-on - Business Layer}{section.2.2}% 12
\BOOKMARK [2][-]{subsection.2.2.3}{2.2.3 Issues and Add-on - Data Layer}{section.2.2}% 13
\BOOKMARK [2][-]{subsection.2.2.4}{2.2.4 Issues and Add-on - Service Layer}{section.2.2}% 14
\BOOKMARK [0][-]{chapter.3}{3 Presentation Layer}{}% 15
\BOOKMARK [1][-]{section.3.1}{3.1 Mobile Application}{chapter.3}% 16
\BOOKMARK [2][-]{subsection.3.1.1}{3.1.1 Apache Cordova - Frameworks}{section.3.1}% 17
\BOOKMARK [2][-]{subsection.3.1.2}{3.1.2 Ionic - Frameworks}{section.3.1}% 18
\BOOKMARK [2][-]{subsection.3.1.3}{3.1.3 Mobile Angular UI - Frameworks}{section.3.1}% 19
\BOOKMARK [2][-]{subsection.3.1.4}{3.1.4 Xamarin - Frameworks}{section.3.1}% 20
\BOOKMARK [1][-]{section.3.2}{3.2 Web Application}{chapter.3}% 21
\BOOKMARK [2][-]{subsection.3.2.1}{3.2.1 Bootstrap - Framework}{section.3.2}% 22
\BOOKMARK [2][-]{subsection.3.2.2}{3.2.2 Foundation - Framework}{section.3.2}% 23
\BOOKMARK [2][-]{subsection.3.2.3}{3.2.3 AngularJS - Framework}{section.3.2}% 24
\BOOKMARK [1][-]{section.3.3}{3.3 General Tools}{chapter.3}% 25
\BOOKMARK [2][-]{subsection.3.3.1}{3.3.1 ReactiveX - libraries}{section.3.3}% 26
\BOOKMARK [2][-]{subsection.3.3.2}{3.3.2 jquery - librares}{section.3.3}% 27
\BOOKMARK [0][-]{chapter.4}{4 Business Layer}{}% 28
\BOOKMARK [1][-]{section.4.1}{4.1 Web Server}{chapter.4}% 29
\BOOKMARK [2][-]{subsection.4.1.1}{4.1.1 NGINX}{section.4.1}% 30
\BOOKMARK [2][-]{subsection.4.1.2}{4.1.2 Apache HTTP Server}{section.4.1}% 31
\BOOKMARK [1][-]{section.4.2}{4.2 Business Process Management}{chapter.4}% 32
\BOOKMARK [2][-]{subsection.4.2.1}{4.2.1 Java Business Process Management}{section.4.2}% 33
\BOOKMARK [1][-]{section.4.3}{4.3 Platform as a Service}{chapter.4}% 34
\BOOKMARK [2][-]{subsection.4.3.1}{4.3.1 Heroku}{section.4.3}% 35
\BOOKMARK [2][-]{subsection.4.3.2}{4.3.2 Google App Engine}{section.4.3}% 36
\BOOKMARK [0][-]{chapter.5}{5 Data Layer}{}% 37
\BOOKMARK [1][-]{section.5.1}{5.1 Cache}{chapter.5}% 38
\BOOKMARK [2][-]{subsection.5.1.1}{5.1.1 Ehcache}{section.5.1}% 39
\BOOKMARK [1][-]{section.5.2}{5.2 Message Queue}{chapter.5}% 40
\BOOKMARK [2][-]{subsection.5.2.1}{5.2.1 RabbitMQ}{section.5.2}% 41
\BOOKMARK [2][-]{subsection.5.2.2}{5.2.2 Kafka}{section.5.2}% 42
\BOOKMARK [1][-]{section.5.3}{5.3 Object Relational Mapper}{chapter.5}% 43
\BOOKMARK [2][-]{subsection.5.3.1}{5.3.1 Hibernate}{section.5.3}% 44
\BOOKMARK [0][-]{chapter.6}{6 Data Store}{}% 45
\BOOKMARK [1][-]{section.6.1}{6.1 Relational Database}{chapter.6}% 46
\BOOKMARK [2][-]{subsection.6.1.1}{6.1.1 Usage}{section.6.1}% 47
\BOOKMARK [1][-]{section.6.2}{6.2 Mobile Database}{chapter.6}% 48
\BOOKMARK [2][-]{subsection.6.2.1}{6.2.1 Couchbase Mobile}{section.6.2}% 49
\BOOKMARK [2][-]{subsection.6.2.2}{6.2.2 Realm}{section.6.2}% 50
\BOOKMARK [1][-]{section.6.3}{6.3 Key - Value Database}{chapter.6}% 51
\BOOKMARK [1][-]{section.6.4}{6.4 Cloud Storage}{chapter.6}% 52
\BOOKMARK [0][-]{chapter.7}{7 Conclusion}{}% 53
\BOOKMARK [0][-]{appendix.A}{A Appendix A name}{}% 54
